2020-04-29 10:06:29,080 INFO 3656 [egg-schedule]: register schedule F:\前端\node.js\project\0429\egg-example\node_modules\egg-multipart\app\schedule\clean_tmpdir.js
2020-04-29 10:06:29,080 INFO 3656 [egg-schedule]: register schedule F:\前端\node.js\project\0429\egg-example\node_modules\egg-logrotator\app\schedule\clean_log.js
2020-04-29 10:06:29,080 INFO 3656 [egg-schedule]: register schedule F:\前端\node.js\project\0429\egg-example\node_modules\egg-logrotator\app\schedule\rotate_by_file.js
2020-04-29 10:06:29,532 INFO 2324 [Timer] F:\前端\node.js\project\0429\egg-example\node_modules\egg-multipart\app\schedule\clean_tmpdir.js next time will execute after 66210476ms at 2020-04-30 04:30:00.008
2020-04-29 10:06:29,533 INFO 2324 [Timer] F:\前端\node.js\project\0429\egg-example\node_modules\egg-logrotator\app\schedule\clean_log.js next time will execute after 50010468ms at 2020-04-30 00:00:00.001
2020-04-29 10:06:29,534 INFO 2324 [Timer] F:\前端\node.js\project\0429\egg-example\node_modules\egg-logrotator\app\schedule\rotate_by_file.js next time will execute after 50011467ms at 2020-04-30 00:00:01.001
2020-04-29 10:27:14,618 INFO 15684 [egg-schedule]: register schedule F:\前端\node.js\project\0429\egg-example\node_modules\egg-multipart\app\schedule\clean_tmpdir.js
2020-04-29 10:27:14,618 INFO 15684 [egg-schedule]: register schedule F:\前端\node.js\project\0429\egg-example\node_modules\egg-logrotator\app\schedule\clean_log.js
2020-04-29 10:27:14,618 INFO 15684 [egg-schedule]: register schedule F:\前端\node.js\project\0429\egg-example\node_modules\egg-logrotator\app\schedule\rotate_by_file.js
2020-04-29 10:27:15,717 INFO 6008 [Timer] F:\前端\node.js\project\0429\egg-example\node_modules\egg-multipart\app\schedule\clean_tmpdir.js next time will execute after 64964286ms at 2020-04-30 04:30:00.003
2020-04-29 10:27:15,718 INFO 6008 [Timer] F:\前端\node.js\project\0429\egg-example\node_modules\egg-logrotator\app\schedule\clean_log.js next time will execute after 48764282ms at 2020-04-30 00:00:00.000
2020-04-29 10:27:15,718 INFO 6008 [Timer] F:\前端\node.js\project\0429\egg-example\node_modules\egg-logrotator\app\schedule\rotate_by_file.js next time will execute after 48765282ms at 2020-04-30 00:00:01.000
2020-04-29 10:28:30,985 INFO 10272 [egg-schedule]: register schedule F:\前端\node.js\project\0429\egg-example\node_modules\egg-multipart\app\schedule\clean_tmpdir.js
2020-04-29 10:28:30,985 INFO 10272 [egg-schedule]: register schedule F:\前端\node.js\project\0429\egg-example\node_modules\egg-logrotator\app\schedule\clean_log.js
2020-04-29 10:28:30,985 INFO 10272 [egg-schedule]: register schedule F:\前端\node.js\project\0429\egg-example\node_modules\egg-logrotator\app\schedule\rotate_by_file.js
2020-04-29 10:28:31,811 INFO 11928 [Timer] F:\前端\node.js\project\0429\egg-example\node_modules\egg-multipart\app\schedule\clean_tmpdir.js next time will execute after 64888193ms at 2020-04-30 04:30:00.004
2020-04-29 10:28:31,812 INFO 11928 [Timer] F:\前端\node.js\project\0429\egg-example\node_modules\egg-logrotator\app\schedule\clean_log.js next time will execute after 48688189ms at 2020-04-30 00:00:00.001
2020-04-29 10:28:31,812 INFO 11928 [Timer] F:\前端\node.js\project\0429\egg-example\node_modules\egg-logrotator\app\schedule\rotate_by_file.js next time will execute after 48689188ms at 2020-04-30 00:00:01.000
2020-04-29 10:28:52,257 INFO 10204 [egg-schedule]: register schedule F:\前端\node.js\project\0429\egg-example\node_modules\egg-multipart\app\schedule\clean_tmpdir.js
2020-04-29 10:28:52,257 INFO 10204 [egg-schedule]: register schedule F:\前端\node.js\project\0429\egg-example\node_modules\egg-logrotator\app\schedule\clean_log.js
2020-04-29 10:28:52,257 INFO 10204 [egg-schedule]: register schedule F:\前端\node.js\project\0429\egg-example\node_modules\egg-logrotator\app\schedule\rotate_by_file.js
2020-04-29 10:39:21,212 INFO 16100 [egg-schedule]: register schedule F:\前端\node.js\project\0429\egg-example\node_modules\egg-multipart\app\schedule\clean_tmpdir.js
2020-04-29 10:39:21,212 INFO 16100 [egg-schedule]: register schedule F:\前端\node.js\project\0429\egg-example\node_modules\egg-logrotator\app\schedule\clean_log.js
2020-04-29 10:39:21,212 INFO 16100 [egg-schedule]: register schedule F:\前端\node.js\project\0429\egg-example\node_modules\egg-logrotator\app\schedule\rotate_by_file.js
2020-04-29 10:39:27,157 INFO 10840 [egg-schedule]: register schedule F:\前端\node.js\project\0429\egg-example\node_modules\egg-multipart\app\schedule\clean_tmpdir.js
2020-04-29 10:39:27,157 INFO 10840 [egg-schedule]: register schedule F:\前端\node.js\project\0429\egg-example\node_modules\egg-logrotator\app\schedule\clean_log.js
2020-04-29 10:39:27,157 INFO 10840 [egg-schedule]: register schedule F:\前端\node.js\project\0429\egg-example\node_modules\egg-logrotator\app\schedule\rotate_by_file.js
2020-04-29 10:49:55,801 INFO 7752 [egg-schedule]: register schedule F:\前端\node.js\project\0429\egg-example\node_modules\egg-multipart\app\schedule\clean_tmpdir.js
2020-04-29 10:49:55,801 INFO 7752 [egg-schedule]: register schedule F:\前端\node.js\project\0429\egg-example\node_modules\egg-logrotator\app\schedule\clean_log.js
2020-04-29 10:49:55,801 INFO 7752 [egg-schedule]: register schedule F:\前端\node.js\project\0429\egg-example\node_modules\egg-logrotator\app\schedule\rotate_by_file.js
2020-04-29 10:55:54,033 INFO 12736 [egg-schedule]: register schedule F:\前端\node.js\project\0429\egg-example\node_modules\egg-multipart\app\schedule\clean_tmpdir.js
2020-04-29 10:55:54,033 INFO 12736 [egg-schedule]: register schedule F:\前端\node.js\project\0429\egg-example\node_modules\egg-logrotator\app\schedule\clean_log.js
2020-04-29 10:55:54,033 INFO 12736 [egg-schedule]: register schedule F:\前端\node.js\project\0429\egg-example\node_modules\egg-logrotator\app\schedule\rotate_by_file.js
2020-04-29 10:57:35,392 INFO 1208 [egg-schedule]: register schedule F:\前端\node.js\project\0429\egg-example\node_modules\egg-multipart\app\schedule\clean_tmpdir.js
2020-04-29 10:57:35,392 INFO 1208 [egg-schedule]: register schedule F:\前端\node.js\project\0429\egg-example\node_modules\egg-logrotator\app\schedule\clean_log.js
2020-04-29 10:57:35,392 INFO 1208 [egg-schedule]: register schedule F:\前端\node.js\project\0429\egg-example\node_modules\egg-logrotator\app\schedule\rotate_by_file.js
2020-04-29 11:08:35,214 INFO 14008 [egg-schedule]: register schedule F:\前端\node.js\project\0429\egg-example\node_modules\egg-multipart\app\schedule\clean_tmpdir.js
2020-04-29 11:08:35,214 INFO 14008 [egg-schedule]: register schedule F:\前端\node.js\project\0429\egg-example\node_modules\egg-logrotator\app\schedule\clean_log.js
2020-04-29 11:08:35,214 INFO 14008 [egg-schedule]: register schedule F:\前端\node.js\project\0429\egg-example\node_modules\egg-logrotator\app\schedule\rotate_by_file.js
2020-04-29 11:09:09,992 INFO 15452 [egg-schedule]: register schedule F:\前端\node.js\project\0429\egg-example\node_modules\egg-multipart\app\schedule\clean_tmpdir.js
2020-04-29 11:09:09,992 INFO 15452 [egg-schedule]: register schedule F:\前端\node.js\project\0429\egg-example\node_modules\egg-logrotator\app\schedule\clean_log.js
2020-04-29 11:09:09,992 INFO 15452 [egg-schedule]: register schedule F:\前端\node.js\project\0429\egg-example\node_modules\egg-logrotator\app\schedule\rotate_by_file.js
2020-04-29 11:09:28,885 INFO 1616 [egg-schedule]: register schedule F:\前端\node.js\project\0429\egg-example\node_modules\egg-multipart\app\schedule\clean_tmpdir.js
2020-04-29 11:09:28,885 INFO 1616 [egg-schedule]: register schedule F:\前端\node.js\project\0429\egg-example\node_modules\egg-logrotator\app\schedule\clean_log.js
2020-04-29 11:09:28,885 INFO 1616 [egg-schedule]: register schedule F:\前端\node.js\project\0429\egg-example\node_modules\egg-logrotator\app\schedule\rotate_by_file.js
2020-04-29 11:12:26,989 INFO 14008 [egg-schedule]: register schedule F:\前端\node.js\project\0429\egg-example\node_modules\egg-multipart\app\schedule\clean_tmpdir.js
2020-04-29 11:12:26,989 INFO 14008 [egg-schedule]: register schedule F:\前端\node.js\project\0429\egg-example\node_modules\egg-logrotator\app\schedule\clean_log.js
2020-04-29 11:12:26,989 INFO 14008 [egg-schedule]: register schedule F:\前端\node.js\project\0429\egg-example\node_modules\egg-logrotator\app\schedule\rotate_by_file.js
2020-04-29 11:12:52,680 INFO 18372 [egg-schedule]: register schedule F:\前端\node.js\project\0429\egg-example\node_modules\egg-multipart\app\schedule\clean_tmpdir.js
2020-04-29 11:12:52,680 INFO 18372 [egg-schedule]: register schedule F:\前端\node.js\project\0429\egg-example\node_modules\egg-logrotator\app\schedule\clean_log.js
2020-04-29 11:12:52,680 INFO 18372 [egg-schedule]: register schedule F:\前端\node.js\project\0429\egg-example\node_modules\egg-logrotator\app\schedule\rotate_by_file.js
2020-04-29 11:13:46,143 INFO 19284 [egg-schedule]: register schedule F:\前端\node.js\project\0429\egg-example\node_modules\egg-multipart\app\schedule\clean_tmpdir.js
2020-04-29 11:13:46,143 INFO 19284 [egg-schedule]: register schedule F:\前端\node.js\project\0429\egg-example\node_modules\egg-logrotator\app\schedule\clean_log.js
2020-04-29 11:13:46,144 INFO 19284 [egg-schedule]: register schedule F:\前端\node.js\project\0429\egg-example\node_modules\egg-logrotator\app\schedule\rotate_by_file.js
2020-04-29 11:13:57,168 INFO 1776 [egg-schedule]: register schedule F:\前端\node.js\project\0429\egg-example\node_modules\egg-multipart\app\schedule\clean_tmpdir.js
2020-04-29 11:13:57,168 INFO 1776 [egg-schedule]: register schedule F:\前端\node.js\project\0429\egg-example\node_modules\egg-logrotator\app\schedule\clean_log.js
2020-04-29 11:13:57,168 INFO 1776 [egg-schedule]: register schedule F:\前端\node.js\project\0429\egg-example\node_modules\egg-logrotator\app\schedule\rotate_by_file.js
2020-04-29 11:18:46,078 INFO 3748 [egg-schedule]: register schedule F:\前端\node.js\project\0429\egg-example\node_modules\egg-multipart\app\schedule\clean_tmpdir.js
2020-04-29 11:18:46,078 INFO 3748 [egg-schedule]: register schedule F:\前端\node.js\project\0429\egg-example\node_modules\egg-logrotator\app\schedule\clean_log.js
2020-04-29 11:18:46,078 INFO 3748 [egg-schedule]: register schedule F:\前端\node.js\project\0429\egg-example\node_modules\egg-logrotator\app\schedule\rotate_by_file.js
2020-04-29 11:18:52,347 INFO 10348 [egg-schedule]: register schedule F:\前端\node.js\project\0429\egg-example\node_modules\egg-multipart\app\schedule\clean_tmpdir.js
2020-04-29 11:18:52,348 INFO 10348 [egg-schedule]: register schedule F:\前端\node.js\project\0429\egg-example\node_modules\egg-logrotator\app\schedule\clean_log.js
2020-04-29 11:18:52,348 INFO 10348 [egg-schedule]: register schedule F:\前端\node.js\project\0429\egg-example\node_modules\egg-logrotator\app\schedule\rotate_by_file.js
2020-04-29 11:19:25,880 INFO 6192 [egg-schedule]: register schedule F:\前端\node.js\project\0429\egg-example\node_modules\egg-multipart\app\schedule\clean_tmpdir.js
2020-04-29 11:19:25,881 INFO 6192 [egg-schedule]: register schedule F:\前端\node.js\project\0429\egg-example\node_modules\egg-logrotator\app\schedule\clean_log.js
2020-04-29 11:19:25,881 INFO 6192 [egg-schedule]: register schedule F:\前端\node.js\project\0429\egg-example\node_modules\egg-logrotator\app\schedule\rotate_by_file.js
2020-04-29 11:20:01,585 INFO 8576 [egg-schedule]: register schedule F:\前端\node.js\project\0429\egg-example\node_modules\egg-multipart\app\schedule\clean_tmpdir.js
2020-04-29 11:20:01,585 INFO 8576 [egg-schedule]: register schedule F:\前端\node.js\project\0429\egg-example\node_modules\egg-logrotator\app\schedule\clean_log.js
2020-04-29 11:20:01,585 INFO 8576 [egg-schedule]: register schedule F:\前端\node.js\project\0429\egg-example\node_modules\egg-logrotator\app\schedule\rotate_by_file.js
2020-04-29 11:20:43,088 INFO 5232 [egg-schedule]: register schedule F:\前端\node.js\project\0429\egg-example\node_modules\egg-multipart\app\schedule\clean_tmpdir.js
2020-04-29 11:20:43,088 INFO 5232 [egg-schedule]: register schedule F:\前端\node.js\project\0429\egg-example\node_modules\egg-logrotator\app\schedule\clean_log.js
2020-04-29 11:20:43,088 INFO 5232 [egg-schedule]: register schedule F:\前端\node.js\project\0429\egg-example\node_modules\egg-logrotator\app\schedule\rotate_by_file.js
2020-04-29 11:21:00,101 INFO 4564 [egg-schedule]: register schedule F:\前端\node.js\project\0429\egg-example\node_modules\egg-multipart\app\schedule\clean_tmpdir.js
2020-04-29 11:21:00,101 INFO 4564 [egg-schedule]: register schedule F:\前端\node.js\project\0429\egg-example\node_modules\egg-logrotator\app\schedule\clean_log.js
2020-04-29 11:21:00,101 INFO 4564 [egg-schedule]: register schedule F:\前端\node.js\project\0429\egg-example\node_modules\egg-logrotator\app\schedule\rotate_by_file.js
2020-04-29 11:31:15,438 INFO 18932 [egg-schedule]: register schedule F:\前端\node.js\project\0429\egg-example\node_modules\egg-multipart\app\schedule\clean_tmpdir.js
2020-04-29 11:31:15,438 INFO 18932 [egg-schedule]: register schedule F:\前端\node.js\project\0429\egg-example\node_modules\egg-logrotator\app\schedule\clean_log.js
2020-04-29 11:31:15,438 INFO 18932 [egg-schedule]: register schedule F:\前端\node.js\project\0429\egg-example\node_modules\egg-logrotator\app\schedule\rotate_by_file.js
2020-04-29 11:31:41,184 INFO 15140 [egg-schedule]: register schedule F:\前端\node.js\project\0429\egg-example\node_modules\egg-multipart\app\schedule\clean_tmpdir.js
2020-04-29 11:31:41,184 INFO 15140 [egg-schedule]: register schedule F:\前端\node.js\project\0429\egg-example\node_modules\egg-logrotator\app\schedule\clean_log.js
2020-04-29 11:31:41,184 INFO 15140 [egg-schedule]: register schedule F:\前端\node.js\project\0429\egg-example\node_modules\egg-logrotator\app\schedule\rotate_by_file.js
2020-04-29 11:32:10,161 INFO 1756 [egg-schedule]: register schedule F:\前端\node.js\project\0429\egg-example\node_modules\egg-multipart\app\schedule\clean_tmpdir.js
2020-04-29 11:32:10,161 INFO 1756 [egg-schedule]: register schedule F:\前端\node.js\project\0429\egg-example\node_modules\egg-logrotator\app\schedule\clean_log.js
2020-04-29 11:32:10,161 INFO 1756 [egg-schedule]: register schedule F:\前端\node.js\project\0429\egg-example\node_modules\egg-logrotator\app\schedule\rotate_by_file.js
2020-04-29 11:32:22,045 INFO 11552 [egg-schedule]: register schedule F:\前端\node.js\project\0429\egg-example\node_modules\egg-multipart\app\schedule\clean_tmpdir.js
2020-04-29 11:32:22,045 INFO 11552 [egg-schedule]: register schedule F:\前端\node.js\project\0429\egg-example\node_modules\egg-logrotator\app\schedule\clean_log.js
2020-04-29 11:32:22,045 INFO 11552 [egg-schedule]: register schedule F:\前端\node.js\project\0429\egg-example\node_modules\egg-logrotator\app\schedule\rotate_by_file.js
2020-04-29 11:32:55,684 INFO 15568 [egg-schedule]: register schedule F:\前端\node.js\project\0429\egg-example\node_modules\egg-multipart\app\schedule\clean_tmpdir.js
2020-04-29 11:32:55,684 INFO 15568 [egg-schedule]: register schedule F:\前端\node.js\project\0429\egg-example\node_modules\egg-logrotator\app\schedule\clean_log.js
2020-04-29 11:32:55,684 INFO 15568 [egg-schedule]: register schedule F:\前端\node.js\project\0429\egg-example\node_modules\egg-logrotator\app\schedule\rotate_by_file.js
2020-04-29 11:33:08,924 INFO 14712 [egg-schedule]: register schedule F:\前端\node.js\project\0429\egg-example\node_modules\egg-multipart\app\schedule\clean_tmpdir.js
2020-04-29 11:33:08,924 INFO 14712 [egg-schedule]: register schedule F:\前端\node.js\project\0429\egg-example\node_modules\egg-logrotator\app\schedule\clean_log.js
2020-04-29 11:33:08,924 INFO 14712 [egg-schedule]: register schedule F:\前端\node.js\project\0429\egg-example\node_modules\egg-logrotator\app\schedule\rotate_by_file.js
2020-04-29 11:33:12,513 INFO 19160 [egg-schedule]: register schedule F:\前端\node.js\project\0429\egg-example\node_modules\egg-multipart\app\schedule\clean_tmpdir.js
2020-04-29 11:33:12,513 INFO 19160 [egg-schedule]: register schedule F:\前端\node.js\project\0429\egg-example\node_modules\egg-logrotator\app\schedule\clean_log.js
2020-04-29 11:33:12,513 INFO 19160 [egg-schedule]: register schedule F:\前端\node.js\project\0429\egg-example\node_modules\egg-logrotator\app\schedule\rotate_by_file.js
2020-04-29 11:34:24,461 INFO 208 [egg-schedule]: register schedule F:\前端\node.js\project\0429\egg-example\node_modules\egg-multipart\app\schedule\clean_tmpdir.js
2020-04-29 11:34:24,461 INFO 208 [egg-schedule]: register schedule F:\前端\node.js\project\0429\egg-example\node_modules\egg-logrotator\app\schedule\clean_log.js
2020-04-29 11:34:24,461 INFO 208 [egg-schedule]: register schedule F:\前端\node.js\project\0429\egg-example\node_modules\egg-logrotator\app\schedule\rotate_by_file.js
2020-04-29 11:35:03,596 INFO 10320 [egg-schedule]: register schedule F:\前端\node.js\project\0429\egg-example\node_modules\egg-multipart\app\schedule\clean_tmpdir.js
2020-04-29 11:35:03,596 INFO 10320 [egg-schedule]: register schedule F:\前端\node.js\project\0429\egg-example\node_modules\egg-logrotator\app\schedule\clean_log.js
2020-04-29 11:35:03,596 INFO 10320 [egg-schedule]: register schedule F:\前端\node.js\project\0429\egg-example\node_modules\egg-logrotator\app\schedule\rotate_by_file.js
2020-04-29 11:35:22,107 INFO 18980 [egg-schedule]: register schedule F:\前端\node.js\project\0429\egg-example\node_modules\egg-multipart\app\schedule\clean_tmpdir.js
2020-04-29 11:35:22,107 INFO 18980 [egg-schedule]: register schedule F:\前端\node.js\project\0429\egg-example\node_modules\egg-logrotator\app\schedule\clean_log.js
2020-04-29 11:35:22,107 INFO 18980 [egg-schedule]: register schedule F:\前端\node.js\project\0429\egg-example\node_modules\egg-logrotator\app\schedule\rotate_by_file.js
2020-04-29 11:36:49,617 INFO 2292 [egg-schedule]: register schedule F:\前端\node.js\project\0429\egg-example\node_modules\egg-multipart\app\schedule\clean_tmpdir.js
2020-04-29 11:36:49,617 INFO 2292 [egg-schedule]: register schedule F:\前端\node.js\project\0429\egg-example\node_modules\egg-logrotator\app\schedule\clean_log.js
2020-04-29 11:36:49,617 INFO 2292 [egg-schedule]: register schedule F:\前端\node.js\project\0429\egg-example\node_modules\egg-logrotator\app\schedule\rotate_by_file.js
2020-04-29 11:37:14,991 INFO 11348 [egg-schedule]: register schedule F:\前端\node.js\project\0429\egg-example\node_modules\egg-multipart\app\schedule\clean_tmpdir.js
2020-04-29 11:37:14,991 INFO 11348 [egg-schedule]: register schedule F:\前端\node.js\project\0429\egg-example\node_modules\egg-logrotator\app\schedule\clean_log.js
2020-04-29 11:37:14,991 INFO 11348 [egg-schedule]: register schedule F:\前端\node.js\project\0429\egg-example\node_modules\egg-logrotator\app\schedule\rotate_by_file.js
2020-04-29 11:37:23,523 INFO 18748 [egg-schedule]: register schedule F:\前端\node.js\project\0429\egg-example\node_modules\egg-multipart\app\schedule\clean_tmpdir.js
2020-04-29 11:37:23,523 INFO 18748 [egg-schedule]: register schedule F:\前端\node.js\project\0429\egg-example\node_modules\egg-logrotator\app\schedule\clean_log.js
2020-04-29 11:37:23,523 INFO 18748 [egg-schedule]: register schedule F:\前端\node.js\project\0429\egg-example\node_modules\egg-logrotator\app\schedule\rotate_by_file.js
2020-04-29 11:37:34,150 INFO 2652 [egg-schedule]: register schedule F:\前端\node.js\project\0429\egg-example\node_modules\egg-multipart\app\schedule\clean_tmpdir.js
2020-04-29 11:37:34,150 INFO 2652 [egg-schedule]: register schedule F:\前端\node.js\project\0429\egg-example\node_modules\egg-logrotator\app\schedule\clean_log.js
2020-04-29 11:37:34,150 INFO 2652 [egg-schedule]: register schedule F:\前端\node.js\project\0429\egg-example\node_modules\egg-logrotator\app\schedule\rotate_by_file.js
2020-04-29 11:38:32,924 INFO 5344 [egg-schedule]: register schedule F:\前端\node.js\project\0429\egg-example\node_modules\egg-multipart\app\schedule\clean_tmpdir.js
2020-04-29 11:38:32,924 INFO 5344 [egg-schedule]: register schedule F:\前端\node.js\project\0429\egg-example\node_modules\egg-logrotator\app\schedule\clean_log.js
2020-04-29 11:38:32,924 INFO 5344 [egg-schedule]: register schedule F:\前端\node.js\project\0429\egg-example\node_modules\egg-logrotator\app\schedule\rotate_by_file.js
2020-04-29 11:38:35,342 INFO 11564 [egg-schedule]: register schedule F:\前端\node.js\project\0429\egg-example\node_modules\egg-multipart\app\schedule\clean_tmpdir.js
2020-04-29 11:38:35,342 INFO 11564 [egg-schedule]: register schedule F:\前端\node.js\project\0429\egg-example\node_modules\egg-logrotator\app\schedule\clean_log.js
2020-04-29 11:38:35,342 INFO 11564 [egg-schedule]: register schedule F:\前端\node.js\project\0429\egg-example\node_modules\egg-logrotator\app\schedule\rotate_by_file.js
2020-04-29 11:39:00,078 INFO 5504 [egg-schedule]: register schedule F:\前端\node.js\project\0429\egg-example\node_modules\egg-multipart\app\schedule\clean_tmpdir.js
2020-04-29 11:39:00,078 INFO 5504 [egg-schedule]: register schedule F:\前端\node.js\project\0429\egg-example\node_modules\egg-logrotator\app\schedule\clean_log.js
2020-04-29 11:39:00,078 INFO 5504 [egg-schedule]: register schedule F:\前端\node.js\project\0429\egg-example\node_modules\egg-logrotator\app\schedule\rotate_by_file.js
2020-04-29 11:43:21,169 INFO 11952 [egg-schedule]: register schedule F:\前端\node.js\project\0429\egg-example\node_modules\egg-multipart\app\schedule\clean_tmpdir.js
2020-04-29 11:43:21,169 INFO 11952 [egg-schedule]: register schedule F:\前端\node.js\project\0429\egg-example\node_modules\egg-logrotator\app\schedule\clean_log.js
2020-04-29 11:43:21,169 INFO 11952 [egg-schedule]: register schedule F:\前端\node.js\project\0429\egg-example\node_modules\egg-logrotator\app\schedule\rotate_by_file.js
2020-04-29 11:48:10,106 INFO 14092 [egg-schedule]: register schedule F:\前端\node.js\project\0429\egg-example\node_modules\egg-multipart\app\schedule\clean_tmpdir.js
2020-04-29 11:48:10,106 INFO 14092 [egg-schedule]: register schedule F:\前端\node.js\project\0429\egg-example\node_modules\egg-logrotator\app\schedule\clean_log.js
2020-04-29 11:48:10,106 INFO 14092 [egg-schedule]: register schedule F:\前端\node.js\project\0429\egg-example\node_modules\egg-logrotator\app\schedule\rotate_by_file.js
2020-04-29 11:48:34,116 INFO 19248 [egg-schedule]: register schedule F:\前端\node.js\project\0429\egg-example\node_modules\egg-multipart\app\schedule\clean_tmpdir.js
2020-04-29 11:48:34,116 INFO 19248 [egg-schedule]: register schedule F:\前端\node.js\project\0429\egg-example\node_modules\egg-logrotator\app\schedule\clean_log.js
2020-04-29 11:48:34,116 INFO 19248 [egg-schedule]: register schedule F:\前端\node.js\project\0429\egg-example\node_modules\egg-logrotator\app\schedule\rotate_by_file.js
2020-04-29 11:49:58,395 INFO 15552 [egg-schedule]: register schedule F:\前端\node.js\project\0429\egg-example\node_modules\egg-multipart\app\schedule\clean_tmpdir.js
2020-04-29 11:49:58,395 INFO 15552 [egg-schedule]: register schedule F:\前端\node.js\project\0429\egg-example\node_modules\egg-logrotator\app\schedule\clean_log.js
2020-04-29 11:49:58,395 INFO 15552 [egg-schedule]: register schedule F:\前端\node.js\project\0429\egg-example\node_modules\egg-logrotator\app\schedule\rotate_by_file.js
2020-04-29 11:50:02,548 INFO 15916 [egg-schedule]: register schedule F:\前端\node.js\project\0429\egg-example\node_modules\egg-multipart\app\schedule\clean_tmpdir.js
2020-04-29 11:50:02,548 INFO 15916 [egg-schedule]: register schedule F:\前端\node.js\project\0429\egg-example\node_modules\egg-logrotator\app\schedule\clean_log.js
2020-04-29 11:50:02,548 INFO 15916 [egg-schedule]: register schedule F:\前端\node.js\project\0429\egg-example\node_modules\egg-logrotator\app\schedule\rotate_by_file.js
2020-04-29 14:10:04,073 INFO 17020 [egg-schedule]: register schedule F:\前端\node.js\project\0429\egg-example\node_modules\egg-multipart\app\schedule\clean_tmpdir.js
2020-04-29 14:10:04,073 INFO 17020 [egg-schedule]: register schedule F:\前端\node.js\project\0429\egg-example\node_modules\egg-logrotator\app\schedule\clean_log.js
2020-04-29 14:10:04,073 INFO 17020 [egg-schedule]: register schedule F:\前端\node.js\project\0429\egg-example\node_modules\egg-logrotator\app\schedule\rotate_by_file.js
2020-04-29 14:11:09,779 INFO 12660 [egg-schedule]: register schedule F:\前端\node.js\project\0429\egg-example\node_modules\egg-multipart\app\schedule\clean_tmpdir.js
2020-04-29 14:11:09,779 INFO 12660 [egg-schedule]: register schedule F:\前端\node.js\project\0429\egg-example\node_modules\egg-logrotator\app\schedule\clean_log.js
2020-04-29 14:11:09,779 INFO 12660 [egg-schedule]: register schedule F:\前端\node.js\project\0429\egg-example\node_modules\egg-logrotator\app\schedule\rotate_by_file.js
2020-04-29 14:11:13,952 INFO 8284 [egg-schedule]: register schedule F:\前端\node.js\project\0429\egg-example\node_modules\egg-multipart\app\schedule\clean_tmpdir.js
2020-04-29 14:11:13,952 INFO 8284 [egg-schedule]: register schedule F:\前端\node.js\project\0429\egg-example\node_modules\egg-logrotator\app\schedule\clean_log.js
2020-04-29 14:11:13,952 INFO 8284 [egg-schedule]: register schedule F:\前端\node.js\project\0429\egg-example\node_modules\egg-logrotator\app\schedule\rotate_by_file.js
2020-04-29 14:15:32,645 INFO 3776 [egg-schedule]: register schedule F:\前端\node.js\project\0429\egg-example\node_modules\egg-multipart\app\schedule\clean_tmpdir.js
2020-04-29 14:15:32,645 INFO 3776 [egg-schedule]: register schedule F:\前端\node.js\project\0429\egg-example\node_modules\egg-logrotator\app\schedule\clean_log.js
2020-04-29 14:15:32,645 INFO 3776 [egg-schedule]: register schedule F:\前端\node.js\project\0429\egg-example\node_modules\egg-logrotator\app\schedule\rotate_by_file.js
2020-04-29 14:15:36,748 INFO 13868 [egg-schedule]: register schedule F:\前端\node.js\project\0429\egg-example\node_modules\egg-multipart\app\schedule\clean_tmpdir.js
2020-04-29 14:15:36,748 INFO 13868 [egg-schedule]: register schedule F:\前端\node.js\project\0429\egg-example\node_modules\egg-logrotator\app\schedule\clean_log.js
2020-04-29 14:15:36,748 INFO 13868 [egg-schedule]: register schedule F:\前端\node.js\project\0429\egg-example\node_modules\egg-logrotator\app\schedule\rotate_by_file.js
2020-04-29 14:16:33,431 INFO 17220 [egg-schedule]: register schedule F:\前端\node.js\project\0429\egg-example\node_modules\egg-multipart\app\schedule\clean_tmpdir.js
2020-04-29 14:16:33,431 INFO 17220 [egg-schedule]: register schedule F:\前端\node.js\project\0429\egg-example\node_modules\egg-logrotator\app\schedule\clean_log.js
2020-04-29 14:16:33,431 INFO 17220 [egg-schedule]: register schedule F:\前端\node.js\project\0429\egg-example\node_modules\egg-logrotator\app\schedule\rotate_by_file.js
2020-04-29 14:16:36,823 INFO 8672 [egg-schedule]: register schedule F:\前端\node.js\project\0429\egg-example\node_modules\egg-multipart\app\schedule\clean_tmpdir.js
2020-04-29 14:16:36,823 INFO 8672 [egg-schedule]: register schedule F:\前端\node.js\project\0429\egg-example\node_modules\egg-logrotator\app\schedule\clean_log.js
2020-04-29 14:16:36,823 INFO 8672 [egg-schedule]: register schedule F:\前端\node.js\project\0429\egg-example\node_modules\egg-logrotator\app\schedule\rotate_by_file.js
2020-04-29 14:18:39,610 INFO 20120 [egg-schedule]: register schedule F:\前端\node.js\project\0429\egg-example\node_modules\egg-multipart\app\schedule\clean_tmpdir.js
2020-04-29 14:18:39,610 INFO 20120 [egg-schedule]: register schedule F:\前端\node.js\project\0429\egg-example\node_modules\egg-logrotator\app\schedule\clean_log.js
2020-04-29 14:18:39,610 INFO 20120 [egg-schedule]: register schedule F:\前端\node.js\project\0429\egg-example\node_modules\egg-logrotator\app\schedule\rotate_by_file.js
2020-04-29 14:19:54,877 INFO 17832 [egg-schedule]: register schedule F:\前端\node.js\project\0429\egg-example\node_modules\egg-multipart\app\schedule\clean_tmpdir.js
2020-04-29 14:19:54,877 INFO 17832 [egg-schedule]: register schedule F:\前端\node.js\project\0429\egg-example\node_modules\egg-logrotator\app\schedule\clean_log.js
2020-04-29 14:19:54,877 INFO 17832 [egg-schedule]: register schedule F:\前端\node.js\project\0429\egg-example\node_modules\egg-logrotator\app\schedule\rotate_by_file.js
2020-04-29 14:19:59,004 INFO 20192 [egg-schedule]: register schedule F:\前端\node.js\project\0429\egg-example\node_modules\egg-multipart\app\schedule\clean_tmpdir.js
2020-04-29 14:19:59,004 INFO 20192 [egg-schedule]: register schedule F:\前端\node.js\project\0429\egg-example\node_modules\egg-logrotator\app\schedule\clean_log.js
2020-04-29 14:19:59,004 INFO 20192 [egg-schedule]: register schedule F:\前端\node.js\project\0429\egg-example\node_modules\egg-logrotator\app\schedule\rotate_by_file.js
2020-04-29 15:28:00,560 INFO 20432 [egg-schedule]: register schedule F:\前端\node.js\project\0429\egg-example\node_modules\egg-multipart\app\schedule\clean_tmpdir.js
2020-04-29 15:28:00,560 INFO 20432 [egg-schedule]: register schedule F:\前端\node.js\project\0429\egg-example\node_modules\egg-logrotator\app\schedule\clean_log.js
2020-04-29 15:28:00,560 INFO 20432 [egg-schedule]: register schedule F:\前端\node.js\project\0429\egg-example\node_modules\egg-logrotator\app\schedule\rotate_by_file.js
2020-04-29 16:02:34,817 INFO 20740 [Timer] F:\前端\node.js\project\0429\egg-example\node_modules\egg-multipart\app\schedule\clean_tmpdir.js next time will execute after 44845193ms at 2020-04-30 04:30:00.010
2020-04-29 16:02:34,818 INFO 20740 [Timer] F:\前端\node.js\project\0429\egg-example\node_modules\egg-logrotator\app\schedule\clean_log.js next time will execute after 28645182ms at 2020-04-30 00:00:00.000
2020-04-29 16:02:34,818 INFO 20740 [Timer] F:\前端\node.js\project\0429\egg-example\node_modules\egg-logrotator\app\schedule\rotate_by_file.js next time will execute after 28646182ms at 2020-04-30 00:00:01.000
2020-04-29 16:02:34,558 INFO 19240 [egg-schedule]: register schedule F:\前端\node.js\project\0429\egg-example\node_modules\egg-multipart\app\schedule\clean_tmpdir.js
2020-04-29 16:02:34,558 INFO 19240 [egg-schedule]: register schedule F:\前端\node.js\project\0429\egg-example\node_modules\egg-logrotator\app\schedule\clean_log.js
2020-04-29 16:02:34,558 INFO 19240 [egg-schedule]: register schedule F:\前端\node.js\project\0429\egg-example\node_modules\egg-logrotator\app\schedule\rotate_by_file.js
2020-04-29 16:06:51,190 INFO 11880 [egg-schedule]: register schedule F:\前端\node.js\project\0429\egg-example\node_modules\egg-multipart\app\schedule\clean_tmpdir.js
2020-04-29 16:06:51,190 INFO 11880 [egg-schedule]: register schedule F:\前端\node.js\project\0429\egg-example\node_modules\egg-logrotator\app\schedule\clean_log.js
2020-04-29 16:06:51,190 INFO 11880 [egg-schedule]: register schedule F:\前端\node.js\project\0429\egg-example\node_modules\egg-logrotator\app\schedule\rotate_by_file.js
2020-04-29 16:14:13,707 INFO 9404 [egg-schedule]: register schedule F:\前端\node.js\project\0429\egg-example\node_modules\egg-multipart\app\schedule\clean_tmpdir.js
2020-04-29 16:14:13,707 INFO 9404 [egg-schedule]: register schedule F:\前端\node.js\project\0429\egg-example\node_modules\egg-logrotator\app\schedule\clean_log.js
2020-04-29 16:14:13,707 INFO 9404 [egg-schedule]: register schedule F:\前端\node.js\project\0429\egg-example\node_modules\egg-logrotator\app\schedule\rotate_by_file.js
2020-04-29 16:14:56,368 INFO 15580 [egg-schedule]: register schedule F:\前端\node.js\project\0429\egg-example\node_modules\egg-multipart\app\schedule\clean_tmpdir.js
2020-04-29 16:14:56,369 INFO 15580 [egg-schedule]: register schedule F:\前端\node.js\project\0429\egg-example\node_modules\egg-logrotator\app\schedule\clean_log.js
2020-04-29 16:14:56,369 INFO 15580 [egg-schedule]: register schedule F:\前端\node.js\project\0429\egg-example\node_modules\egg-logrotator\app\schedule\rotate_by_file.js
2020-04-29 16:22:20,728 INFO 20632 [egg-schedule]: register schedule F:\前端\node.js\project\0429\egg-example\node_modules\egg-multipart\app\schedule\clean_tmpdir.js
2020-04-29 16:22:20,728 INFO 20632 [egg-schedule]: register schedule F:\前端\node.js\project\0429\egg-example\node_modules\egg-logrotator\app\schedule\clean_log.js
2020-04-29 16:22:20,728 INFO 20632 [egg-schedule]: register schedule F:\前端\node.js\project\0429\egg-example\node_modules\egg-logrotator\app\schedule\rotate_by_file.js
2020-04-29 16:23:33,538 INFO 12076 [egg-schedule]: register schedule F:\前端\node.js\project\0429\egg-example\node_modules\egg-multipart\app\schedule\clean_tmpdir.js
2020-04-29 16:23:33,538 INFO 12076 [egg-schedule]: register schedule F:\前端\node.js\project\0429\egg-example\node_modules\egg-logrotator\app\schedule\clean_log.js
2020-04-29 16:23:33,538 INFO 12076 [egg-schedule]: register schedule F:\前端\node.js\project\0429\egg-example\node_modules\egg-logrotator\app\schedule\rotate_by_file.js
2020-04-29 16:25:32,631 INFO 8504 [egg-schedule]: register schedule F:\前端\node.js\project\0429\egg-example\node_modules\egg-multipart\app\schedule\clean_tmpdir.js
2020-04-29 16:25:32,631 INFO 8504 [egg-schedule]: register schedule F:\前端\node.js\project\0429\egg-example\node_modules\egg-logrotator\app\schedule\clean_log.js
2020-04-29 16:25:32,631 INFO 8504 [egg-schedule]: register schedule F:\前端\node.js\project\0429\egg-example\node_modules\egg-logrotator\app\schedule\rotate_by_file.js
2020-04-29 16:25:53,586 INFO 18592 [egg-schedule]: register schedule F:\前端\node.js\project\0429\egg-example\node_modules\egg-multipart\app\schedule\clean_tmpdir.js
2020-04-29 16:25:53,586 INFO 18592 [egg-schedule]: register schedule F:\前端\node.js\project\0429\egg-example\node_modules\egg-logrotator\app\schedule\clean_log.js
2020-04-29 16:25:53,586 INFO 18592 [egg-schedule]: register schedule F:\前端\node.js\project\0429\egg-example\node_modules\egg-logrotator\app\schedule\rotate_by_file.js
2020-04-29 17:14:06,595 INFO 19052 [egg-schedule]: register schedule F:\前端\node.js\project\0429\egg-example\node_modules\egg-multipart\app\schedule\clean_tmpdir.js
2020-04-29 17:14:06,595 INFO 19052 [egg-schedule]: register schedule F:\前端\node.js\project\0429\egg-example\node_modules\egg-logrotator\app\schedule\clean_log.js
2020-04-29 17:14:06,595 INFO 19052 [egg-schedule]: register schedule F:\前端\node.js\project\0429\egg-example\node_modules\egg-logrotator\app\schedule\rotate_by_file.js
2020-04-29 17:14:14,317 INFO 15172 [egg-schedule]: register schedule F:\前端\node.js\project\0429\egg-example\node_modules\egg-multipart\app\schedule\clean_tmpdir.js
2020-04-29 17:14:14,317 INFO 15172 [egg-schedule]: register schedule F:\前端\node.js\project\0429\egg-example\node_modules\egg-logrotator\app\schedule\clean_log.js
2020-04-29 17:14:14,317 INFO 15172 [egg-schedule]: register schedule F:\前端\node.js\project\0429\egg-example\node_modules\egg-logrotator\app\schedule\rotate_by_file.js
2020-04-29 17:17:03,862 INFO 2040 [egg-schedule]: register schedule F:\前端\node.js\project\0429\egg-example\node_modules\egg-multipart\app\schedule\clean_tmpdir.js
2020-04-29 17:17:03,862 INFO 2040 [egg-schedule]: register schedule F:\前端\node.js\project\0429\egg-example\node_modules\egg-logrotator\app\schedule\clean_log.js
2020-04-29 17:17:03,862 INFO 2040 [egg-schedule]: register schedule F:\前端\node.js\project\0429\egg-example\node_modules\egg-logrotator\app\schedule\rotate_by_file.js
2020-04-29 17:18:35,864 INFO 15004 [egg-schedule]: register schedule F:\前端\node.js\project\0429\egg-example\node_modules\egg-multipart\app\schedule\clean_tmpdir.js
2020-04-29 17:18:35,864 INFO 15004 [egg-schedule]: register schedule F:\前端\node.js\project\0429\egg-example\node_modules\egg-logrotator\app\schedule\clean_log.js
2020-04-29 17:18:35,864 INFO 15004 [egg-schedule]: register schedule F:\前端\node.js\project\0429\egg-example\node_modules\egg-logrotator\app\schedule\rotate_by_file.js
2020-04-29 17:18:40,994 INFO 20752 [egg-schedule]: register schedule F:\前端\node.js\project\0429\egg-example\node_modules\egg-multipart\app\schedule\clean_tmpdir.js
2020-04-29 17:18:40,994 INFO 20752 [egg-schedule]: register schedule F:\前端\node.js\project\0429\egg-example\node_modules\egg-logrotator\app\schedule\clean_log.js
2020-04-29 17:18:40,994 INFO 20752 [egg-schedule]: register schedule F:\前端\node.js\project\0429\egg-example\node_modules\egg-logrotator\app\schedule\rotate_by_file.js
2020-04-29 17:33:52,031 INFO 9820 [Timer] F:\前端\node.js\project\0429\egg-example\node_modules\egg-multipart\app\schedule\clean_tmpdir.js next time will execute after 39367979ms at 2020-04-30 04:30:00.010
2020-04-29 17:33:52,032 INFO 9820 [Timer] F:\前端\node.js\project\0429\egg-example\node_modules\egg-logrotator\app\schedule\clean_log.js next time will execute after 23167968ms at 2020-04-30 00:00:00.000
2020-04-29 17:33:52,034 INFO 9820 [Timer] F:\前端\node.js\project\0429\egg-example\node_modules\egg-logrotator\app\schedule\rotate_by_file.js next time will execute after 23168968ms at 2020-04-30 00:00:01.002
2020-04-29 17:33:51,157 INFO 19568 [egg-schedule]: register schedule F:\前端\node.js\project\0429\egg-example\node_modules\egg-multipart\app\schedule\clean_tmpdir.js
2020-04-29 17:33:51,157 INFO 19568 [egg-schedule]: register schedule F:\前端\node.js\project\0429\egg-example\node_modules\egg-logrotator\app\schedule\clean_log.js
2020-04-29 17:33:51,157 INFO 19568 [egg-schedule]: register schedule F:\前端\node.js\project\0429\egg-example\node_modules\egg-logrotator\app\schedule\rotate_by_file.js
2020-04-29 17:34:09,178 INFO 7716 [egg-schedule]: register schedule F:\前端\node.js\project\0429\egg-example\node_modules\egg-multipart\app\schedule\clean_tmpdir.js
2020-04-29 17:34:09,178 INFO 7716 [egg-schedule]: register schedule F:\前端\node.js\project\0429\egg-example\node_modules\egg-logrotator\app\schedule\clean_log.js
2020-04-29 17:34:09,178 INFO 7716 [egg-schedule]: register schedule F:\前端\node.js\project\0429\egg-example\node_modules\egg-logrotator\app\schedule\rotate_by_file.js
2020-04-29 17:38:52,067 INFO 14588 [egg-schedule]: register schedule F:\前端\node.js\project\0429\egg-example\node_modules\egg-multipart\app\schedule\clean_tmpdir.js
2020-04-29 17:38:52,067 INFO 14588 [egg-schedule]: register schedule F:\前端\node.js\project\0429\egg-example\node_modules\egg-logrotator\app\schedule\clean_log.js
2020-04-29 17:38:52,067 INFO 14588 [egg-schedule]: register schedule F:\前端\node.js\project\0429\egg-example\node_modules\egg-logrotator\app\schedule\rotate_by_file.js
2020-04-29 17:40:48,929 INFO 12176 [egg-schedule]: register schedule F:\前端\node.js\project\0429\egg-example\node_modules\egg-multipart\app\schedule\clean_tmpdir.js
2020-04-29 17:40:48,929 INFO 12176 [egg-schedule]: register schedule F:\前端\node.js\project\0429\egg-example\node_modules\egg-logrotator\app\schedule\clean_log.js
2020-04-29 17:40:48,929 INFO 12176 [egg-schedule]: register schedule F:\前端\node.js\project\0429\egg-example\node_modules\egg-logrotator\app\schedule\rotate_by_file.js
2020-04-29 17:40:51,466 INFO 8392 [egg-schedule]: register schedule F:\前端\node.js\project\0429\egg-example\node_modules\egg-multipart\app\schedule\clean_tmpdir.js
2020-04-29 17:40:51,466 INFO 8392 [egg-schedule]: register schedule F:\前端\node.js\project\0429\egg-example\node_modules\egg-logrotator\app\schedule\clean_log.js
2020-04-29 17:40:51,466 INFO 8392 [egg-schedule]: register schedule F:\前端\node.js\project\0429\egg-example\node_modules\egg-logrotator\app\schedule\rotate_by_file.js
2020-04-29 17:41:38,432 INFO 21488 [egg-schedule]: register schedule F:\前端\node.js\project\0429\egg-example\node_modules\egg-multipart\app\schedule\clean_tmpdir.js
2020-04-29 17:41:38,432 INFO 21488 [egg-schedule]: register schedule F:\前端\node.js\project\0429\egg-example\node_modules\egg-logrotator\app\schedule\clean_log.js
2020-04-29 17:41:38,432 INFO 21488 [egg-schedule]: register schedule F:\前端\node.js\project\0429\egg-example\node_modules\egg-logrotator\app\schedule\rotate_by_file.js
2020-04-29 17:41:40,345 INFO 2296 [egg-schedule]: register schedule F:\前端\node.js\project\0429\egg-example\node_modules\egg-multipart\app\schedule\clean_tmpdir.js
2020-04-29 17:41:40,345 INFO 2296 [egg-schedule]: register schedule F:\前端\node.js\project\0429\egg-example\node_modules\egg-logrotator\app\schedule\clean_log.js
2020-04-29 17:41:40,345 INFO 2296 [egg-schedule]: register schedule F:\前端\node.js\project\0429\egg-example\node_modules\egg-logrotator\app\schedule\rotate_by_file.js
