2020-04-29 11:09:35,354 ERROR 1616 [-/::1/-/17ms GET /] nodejs.TypeError: The "listener" argument must be of type function. Received undefined
    at checkListener (events.js:111:11)
    at _addListener (events.js:348:3)
    at Application.addListener (events.js:406:10)
    at HomeController.index (F:\前端\node.js\project\0429\egg-example\app\controller\home.js:10:14)
    at Object.callFn (F:\前端\node.js\project\0429\egg-example\node_modules\egg-core\lib\utils\index.js:44:21)
    at Object.classControllerMiddleware (F:\前端\node.js\project\0429\egg-example\node_modules\egg-core\lib\loader\mixin\controller.js:87:20)
    at Object.callFn (F:\前端\node.js\project\0429\egg-example\node_modules\@eggjs\router\lib\utils.js:12:21)
    at wrappedController (F:\前端\node.js\project\0429\egg-example\node_modules\@eggjs\router\lib\egg_router.js:322:18)
    at dispatch (F:\前端\node.js\project\0429\egg-example\node_modules\koa-compose\index.js:44:32)
    at next (F:\前端\node.js\project\0429\egg-example\node_modules\koa-compose\index.js:45:18)
code: "ERR_INVALID_ARG_TYPE"
pid: 1616
hostname: LAPTOP-33M3GRDL

2020-04-29 17:36:53,525 ERROR 7716 [-/127.0.0.1/-/16ms GET /swiper_list] nodejs.TypeError: ctx.service.index.swiper_list is not a function
    at HomeController.swiper_list (F:\前端\node.js\project\0429\egg-example\app\controller\home.js:12:34)
    at Object.callFn (F:\前端\node.js\project\0429\egg-example\node_modules\egg-core\lib\utils\index.js:44:21)
    at Object.classControllerMiddleware (F:\前端\node.js\project\0429\egg-example\node_modules\egg-core\lib\loader\mixin\controller.js:87:20)
    at Object.callFn (F:\前端\node.js\project\0429\egg-example\node_modules\@eggjs\router\lib\utils.js:12:21)
    at wrappedController (F:\前端\node.js\project\0429\egg-example\node_modules\@eggjs\router\lib\egg_router.js:322:18)
    at dispatch (F:\前端\node.js\project\0429\egg-example\node_modules\koa-compose\index.js:44:32)
    at next (F:\前端\node.js\project\0429\egg-example\node_modules\koa-compose\index.js:45:18)
    at F:\前端\node.js\project\0429\egg-example\node_modules\@eggjs\router\lib\router.js:190:18
    at dispatch (F:\前端\node.js\project\0429\egg-example\node_modules\koa-compose\index.js:44:32)
    at F:\前端\node.js\project\0429\egg-example\node_modules\koa-compose\index.js:36:12

pid: 7716
hostname: LAPTOP-33M3GRDL

